feb 14, 2024 12:57:05 PM it.uniroma2.dicii.ispw.utils.LoggerManager logSevereException
SEVERE: Impossibile creare socket
java.net.ConnectException: Connection refused: connect
	at java.base/sun.nio.ch.Net.connect0(Native Method)
	at java.base/sun.nio.ch.Net.connect(Net.java:589)
	at java.base/sun.nio.ch.Net.connect(Net.java:578)
	at java.base/sun.nio.ch.NioSocketImpl.connect(NioSocketImpl.java:583)
	at java.base/java.net.SocksSocketImpl.connect(SocksSocketImpl.java:327)
	at java.base/java.net.Socket.connect(Socket.java:751)
	at java.base/java.net.Socket.connect(Socket.java:686)
	at java.base/java.net.Socket.<init>(Socket.java:555)
	at java.base/java.net.Socket.<init>(Socket.java:324)
	at multifitclub/it.uniroma2.dicii.ispw.controller.LoginController.login(LoginController.java:48)
	at multifitclub/it.uniroma2.dicii.ispw.view.cli.LoginView.control(LoginView.java:29)
	at multifitclub/it.uniroma2.dicii.ispw.view.cli.CliController.start(CliController.java:15)
	at multifitclub/it.uniroma2.dicii.ispw.App.main(App.java:33)
	at java.base/jdk.internal.reflect.DirectMethodHandleAccessor.invoke(DirectMethodHandleAccessor.java:103)
	at java.base/java.lang.reflect.Method.invoke(Method.java:580)
	at javafx.graphics@21-ea/com.sun.javafx.application.LauncherImpl.launchApplicationWithArgs(LauncherImpl.java:464)
	at javafx.graphics@21-ea/com.sun.javafx.application.LauncherImpl.launchApplication(LauncherImpl.java:364)
	at java.base/jdk.internal.reflect.DirectMethodHandleAccessor.invoke(DirectMethodHandleAccessor.java:103)
	at java.base/java.lang.reflect.Method.invoke(Method.java:580)
	at java.base/sun.launcher.LauncherHelper$FXHelper.main(LauncherHelper.java:1135)

feb 14, 2024 1:47:00 PM it.uniroma2.dicii.ispw.utils.LoggerManager logSevereException
SEVERE: Impossibile creare socket
java.net.ConnectException: Connection refused: connect
	at java.base/sun.nio.ch.Net.connect0(Native Method)
	at java.base/sun.nio.ch.Net.connect(Net.java:589)
	at java.base/sun.nio.ch.Net.connect(Net.java:578)
	at java.base/sun.nio.ch.NioSocketImpl.connect(NioSocketImpl.java:583)
	at java.base/java.net.SocksSocketImpl.connect(SocksSocketImpl.java:327)
	at java.base/java.net.Socket.connect(Socket.java:751)
	at java.base/java.net.Socket.connect(Socket.java:686)
	at java.base/java.net.Socket.<init>(Socket.java:555)
	at java.base/java.net.Socket.<init>(Socket.java:324)
	at multifitclub/it.uniroma2.dicii.ispw.controller.LoginController.login(LoginController.java:48)
	at multifitclub/it.uniroma2.dicii.ispw.view.cli.LoginView.control(LoginView.java:29)
	at multifitclub/it.uniroma2.dicii.ispw.view.cli.CliController.start(CliController.java:15)
	at multifitclub/it.uniroma2.dicii.ispw.App.main(App.java:33)
	at java.base/jdk.internal.reflect.DirectMethodHandleAccessor.invoke(DirectMethodHandleAccessor.java:103)
	at java.base/java.lang.reflect.Method.invoke(Method.java:580)
	at javafx.graphics@21-ea/com.sun.javafx.application.LauncherImpl.launchApplicationWithArgs(LauncherImpl.java:464)
	at javafx.graphics@21-ea/com.sun.javafx.application.LauncherImpl.launchApplication(LauncherImpl.java:364)
	at java.base/jdk.internal.reflect.DirectMethodHandleAccessor.invoke(DirectMethodHandleAccessor.java:103)
	at java.base/java.lang.reflect.Method.invoke(Method.java:580)
	at java.base/sun.launcher.LauncherHelper$FXHelper.main(LauncherHelper.java:1135)

